2025-06-19 15:26:00 | WARN | repo=auction | action=edit | files=3
2025-12-03 20:36:00 | INFO | repo=auction | action=commit
2025-05-25 07:19:00 | WARN | repo=auction | action=commit
2025-11-15 12:28:00 | DEBUG | repo=auction | action=test | passed=true
2025-05-02 18:50:00 | WARN | repo=auction | action=commit
2025-07-11 07:14:00 | INFO | repo=auction | action=commit
2025-12-26 20:44:00 | INFO | repo=auction | action=commit
2025-09-26 08:02:00 | DEBUG | repo=auction | action=commit
2025-01-25 21:16:00 | INFO | repo=auction | action=commit
2025-08-03 07:08:00 | WARN | repo=auction | action=test | passed=true
2025-09-20 20:51:00 | INFO | repo=auction | action=commit
2025-11-08 16:26:00 | WARN | repo=auction | action=edit | files=4
2025-05-23 10:39:00 | WARN | repo=auction | action=commit
2025-03-06 11:20:00 | DEBUG | repo=auction | action=pull
2025-10-21 11:10:00 | DEBUG | repo=auction | action=commit
2025-11-11 08:34:00 | DEBUG | repo=auction | action=commit
2025-01-13 10:22:00 | DEBUG | repo=auction | action=commit
2025-08-09 18:22:00 | WARN | repo=auction | action=commit
2025-07-04 18:56:00 | INFO | repo=auction | action=commit
2025-05-19 15:31:00 | WARN | repo=auction | action=edit | files=3
2025-12-16 20:59:00 | INFO | repo=auction | action=commit
2025-09-17 16:02:00 | DEBUG | repo=auction | action=commit
2025-02-20 20:04:00 | WARN | repo=auction | action=commit
2025-02-19 19:29:00 | INFO | repo=auction | action=commit
2025-11-08 16:27:00 | INFO | repo=auction | action=commit
2025-02-06 13:48:00 | INFO | repo=auction | action=commit
2025-10-25 19:14:00 | DEBUG | repo=auction | action=commit
2025-08-12 17:10:00 | WARN | repo=auction | action=test | passed=true
2025-02-18 20:06:00 | INFO | repo=auction | action=edit | files=1
2025-11-12 18:29:00 | INFO | repo=auction | action=test | passed=true
2025-03-11 21:19:00 | INFO | repo=auction | action=test | passed=true
2025-05-20 18:10:00 | DEBUG | repo=auction | action=commit
2025-08-23 18:59:00 | INFO | repo=auction | action=test | passed=true
2025-05-18 14:23:00 | INFO | repo=auction | action=commit
2025-04-19 09:47:00 | INFO | repo=auction | action=commit
2025-10-02 08:25:00 | WARN | repo=auction | action=commit
2025-05-03 16:04:00 | INFO | repo=auction | action=commit
2025-05-03 07:55:00 | INFO | repo=auction | action=test | passed=true
2025-01-20 19:03:00 | WARN | repo=auction | action=test | passed=true
2025-12-20 08:08:00 | DEBUG | repo=auction | action=commit
2025-06-20 13:13:00 | DEBUG | repo=auction | action=commit
2025-03-28 19:46:00 | DEBUG | repo=auction | action=test | passed=true
2025-10-18 10:08:00 | WARN | repo=auction | action=edit | files=2
2025-05-09 15:08:00 | DEBUG | repo=auction | action=commit
2025-12-26 21:20:00 | DEBUG | repo=auction | action=commit
2025-04-14 16:21:00 | DEBUG | repo=auction | action=test | passed=true
2025-10-15 11:44:00 | INFO | repo=auction | action=commit
2025-09-08 19:39:00 | INFO | repo=auction | action=commit
2025-09-03 18:31:00 | INFO | repo=auction | action=commit
2025-07-28 18:19:00 | DEBUG | repo=auction | action=commit
2025-03-24 13:49:00 | DEBUG | repo=auction | action=commit
2025-02-15 08:17:00 | DEBUG | repo=auction | action=commit
2025-01-10 18:44:00 | WARN | repo=auction | action=edit | files=1
2025-03-05 19:03:00 | DEBUG | repo=auction | action=commit
2025-03-01 18:23:00 | DEBUG | repo=auction | action=edit | files=4
2025-08-28 18:34:00 | WARN | repo=auction | action=commit
2025-08-06 18:27:00 | DEBUG | repo=auction | action=commit
2025-01-13 08:40:00 | DEBUG | repo=auction | action=commit
2025-03-06 14:15:00 | WARN | repo=auction | action=commit
